[2026-06-30 13:10:21] Request received
[2026-06-30 13:10:21] Encoded Tracking ID: E-6a3d37307b01aaa96-69861
[2026-06-30 13:10:21] Decoded Email ID: 顨葺N塾V歬蘧脒:
[2026-06-30 13:10:21] Email record not found: 顨葺N塾V歬蘧脒:
[2026-06-30 13:13:27] Request received
[2026-06-30 13:13:27] Encoded Tracking ID: E-6a3d37307b01aaa96-69861
[2026-06-30 13:13:27] Email record found
[2026-06-30 13:13:27] First email open detected.
[2026-06-30 13:13:27] Email record updated successfully.
[2026-06-30 13:36:49] Request received
[2026-06-30 13:36:49] Encoded Tracking ID: E-6a3d37307b01aaa96-97942
[2026-06-30 13:36:49] Email record found
[2026-06-30 13:36:49] First email open detected.
[2026-06-30 13:36:49] Email record updated successfully.
[2026-06-30 13:37:04] Request received
[2026-06-30 13:37:04] Encoded Tracking ID: E-6a3d37307b01aaa96-94152
[2026-06-30 13:37:04] Email record found
[2026-06-30 13:37:04] First email open detected.
[2026-06-30 13:37:04] Email record updated successfully.
[2026-06-30 13:40:12] Request received
[2026-06-30 13:40:12] Encoded Tracking ID: E-6a3d37307b01aaa96-94152
[2026-06-30 13:40:12] Email record found
[2026-06-30 13:40:12] Email already marked as opened. Skipping update.
[2026-06-30 14:18:30] Request received
[2026-06-30 14:18:30] Encoded Tracking ID: E-6a3d37307b01aaa96-94140
[2026-06-30 14:18:31] Email record found
[2026-06-30 14:18:31] First email open detected.
[2026-06-30 14:18:31] Email record updated successfully.
[2026-06-30 14:18:42] Request received
[2026-06-30 14:18:42] Encoded Tracking ID: E-6a3d37307b01aaa96-61244
[2026-06-30 14:18:43] Email record not found: 
[2026-06-30 14:22:23] Request received
[2026-06-30 14:22:23] Encoded Tracking ID: E-6a3d37307b01aaa96-31585
[2026-06-30 14:22:23] Email record found
[2026-06-30 14:22:23] First email open detected.
[2026-06-30 14:22:23] Email record updated successfully.
[2026-06-30 15:04:57] Request received
[2026-06-30 15:04:57] Encoded Tracking ID: E-6a3d37307b01aaa96-31585
[2026-06-30 15:04:58] Email record found
[2026-06-30 15:04:58] Email already marked as opened. Skipping update.
[2026-06-30 15:05:02] Request received
[2026-06-30 15:05:02] Encoded Tracking ID: E-6a3d37307b01aaa96-99591
[2026-06-30 15:05:02] Email record not found: 
[2026-06-30 15:13:31] Request received
[2026-06-30 15:13:31] Encoded Tracking ID: E-6a3d37307b01aaa96-13158
[2026-06-30 15:13:31] Email record found
[2026-06-30 15:13:31] First email open detected.
[2026-06-30 15:13:31] Email record updated successfully.
[2026-07-01 05:44:20] Request received
[2026-07-01 05:44:20] Encoded Tracking ID: E-6a3d37307b01aaa96-15751
[2026-07-01 05:44:20] Email record not found: 
[2026-07-01 06:20:55] Request received
[2026-07-01 06:20:55] Encoded Tracking ID: E-6a3d37307b01aaa96-99408
[2026-07-01 06:20:55] Email record found
[2026-07-01 06:20:55] First email open detected.
[2026-07-01 06:20:55] Email record updated successfully.
[2026-07-01 06:24:27] Request received
[2026-07-01 06:24:27] Encoded Tracking ID: E-6a3d37307b01aaa96-43412
[2026-07-01 06:24:27] Email record found
[2026-07-01 06:24:27] First email open detected.
[2026-07-01 06:24:27] Email record updated successfully.
[2026-07-01 06:28:42] Request received
[2026-07-01 06:28:42] Encoded Tracking ID: E-6a3d37307b01aaa96-49702
[2026-07-01 06:28:42] Email record found
[2026-07-01 06:28:42] First email open detected.
[2026-07-01 06:28:42] Email record updated successfully.
[2026-07-01 06:32:55] Request received
[2026-07-01 06:32:55] Encoded Tracking ID: E-6a3d37307b01aaa96-67534
[2026-07-01 06:32:55] Email record found
[2026-07-01 06:32:55] First email open detected.
[2026-07-01 06:32:55] Email record updated successfully.
[2026-07-01 09:03:06] Request received
[2026-07-01 09:03:06] Encoded Tracking ID: E-6a3d37307b01aaa96-67534
[2026-07-01 09:03:06] Email record found
[2026-07-01 09:03:06] Email already marked as opened. Skipping update.
[2026-07-02 05:12:22] Request received
[2026-07-02 05:12:22] Encoded Tracking ID: E-6a3d37307b01aaa96-67534
[2026-07-02 05:12:22] Email record found
[2026-07-02 05:12:22] Email already marked as opened. Skipping update.
